Started GET "/" for 127.0.0.1 at 2017-07-08 01:45:38 -0700
Started GET "/" for 127.0.0.1 at 2017-07-08 01:45:38 -0700
  
  
ActiveRecord::PendingMigrationError (

Migrations are pending. To resolve this issue, run:

        bin/rails db:migrate RAILS_ENV=development

):
ActiveRecord::PendingMigrationError (

Migrations are pending. To resolve this issue, run:

        bin/rails db:migrate RAILS_ENV=development

):
  
  
activerecord (5.1.1) lib/active_record/migration.rb:576:in `check_pending!'
activerecord (5.1.1) lib/active_record/migration.rb:553:in `call'
actionpack (5.1.1) lib/action_dispatch/middleware/callbacks.rb:26:in `block in call'
activesupport (5.1.1) lib/active_support/callbacks.rb:97:in `run_callbacks'
actionpack (5.1.1) lib/action_dispatch/middleware/callbacks.rb:24:in `call'
actionpack (5.1.1) lib/action_dispatch/middleware/executor.rb:12:in `call'
actionpack (5.1.1) lib/action_dispatch/middleware/debug_exceptions.rb:59:in `call'
web-console (3.5.1) lib/web_console/middleware.rb:135:in `call_app'
web-console (3.5.1) lib/web_console/middleware.rb:28:in `block in call'
web-console (3.5.1) lib/web_console/middleware.rb:18:in `catch'
web-console (3.5.1) lib/web_console/middleware.rb:18:in `call'
actionpack (5.1.1) lib/action_dispatch/middleware/show_exceptions.rb:31:in `call'
railties (5.1.1) lib/rails/rack/logger.rb:36:in `call_app'
railties (5.1.1) lib/rails/rack/logger.rb:24:in `block in call'
activesupport (5.1.1) lib/active_support/tagged_logging.rb:69:in `block in tagged'
activesupport (5.1.1) lib/active_support/tagged_logging.rb:26:in `tagged'
activesupport (5.1.1) lib/active_support/tagged_logging.rb:69:in `tagged'
railties (5.1.1) lib/rails/rack/logger.rb:24:in `call'
sprockets-rails (3.2.0) lib/sprockets/rails/quiet_assets.rb:13:in `call'
actionpack (5.1.1) lib/action_dispatch/middleware/remote_ip.rb:79:in `call'
actionpack (5.1.1) lib/action_dispatch/middleware/request_id.rb:25:in `call'
rack (2.0.3) lib/rack/method_override.rb:22:in `call'
rack (2.0.3) lib/rack/runtime.rb:22:in `call'
activesupport (5.1.1) lib/active_support/cache/strategy/local_cache_middleware.rb:27:in `call'
actionpack (5.1.1) lib/action_dispatch/middleware/executor.rb:12:in `call'
actionpack (5.1.1) lib/action_dispatch/middleware/static.rb:125:in `call'
rack (2.0.3) lib/rack/sendfile.rb:111:in `call'
railties (5.1.1) lib/rails/engine.rb:522:in `call'
puma (3.9.1) lib/puma/configuration.rb:224:in `call'
puma (3.9.1) lib/puma/server.rb:602:in `handle_request'
puma (3.9.1) lib/puma/server.rb:435:in `process_client'
puma (3.9.1) lib/puma/server.rb:299:in `block in run'
puma (3.9.1) lib/puma/thread_pool.rb:120:in `block in spawn_thread'
activerecord (5.1.1) lib/active_record/migration.rb:576:in `check_pending!'
activerecord (5.1.1) lib/active_record/migration.rb:553:in `call'
actionpack (5.1.1) lib/action_dispatch/middleware/callbacks.rb:26:in `block in call'
activesupport (5.1.1) lib/active_support/callbacks.rb:97:in `run_callbacks'
actionpack (5.1.1) lib/action_dispatch/middleware/callbacks.rb:24:in `call'
actionpack (5.1.1) lib/action_dispatch/middleware/executor.rb:12:in `call'
actionpack (5.1.1) lib/action_dispatch/middleware/debug_exceptions.rb:59:in `call'
web-console (3.5.1) lib/web_console/middleware.rb:135:in `call_app'
web-console (3.5.1) lib/web_console/middleware.rb:28:in `block in call'
web-console (3.5.1) lib/web_console/middleware.rb:18:in `catch'
web-console (3.5.1) lib/web_console/middleware.rb:18:in `call'
actionpack (5.1.1) lib/action_dispatch/middleware/show_exceptions.rb:31:in `call'
railties (5.1.1) lib/rails/rack/logger.rb:36:in `call_app'
railties (5.1.1) lib/rails/rack/logger.rb:24:in `block in call'
activesupport (5.1.1) lib/active_support/tagged_logging.rb:69:in `block in tagged'
activesupport (5.1.1) lib/active_support/tagged_logging.rb:26:in `tagged'
activesupport (5.1.1) lib/active_support/tagged_logging.rb:69:in `tagged'
railties (5.1.1) lib/rails/rack/logger.rb:24:in `call'
sprockets-rails (3.2.0) lib/sprockets/rails/quiet_assets.rb:13:in `call'
actionpack (5.1.1) lib/action_dispatch/middleware/remote_ip.rb:79:in `call'
actionpack (5.1.1) lib/action_dispatch/middleware/request_id.rb:25:in `call'
rack (2.0.3) lib/rack/method_override.rb:22:in `call'
rack (2.0.3) lib/rack/runtime.rb:22:in `call'
activesupport (5.1.1) lib/active_support/cache/strategy/local_cache_middleware.rb:27:in `call'
actionpack (5.1.1) lib/action_dispatch/middleware/executor.rb:12:in `call'
actionpack (5.1.1) lib/action_dispatch/middleware/static.rb:125:in `call'
rack (2.0.3) lib/rack/sendfile.rb:111:in `call'
railties (5.1.1) lib/rails/engine.rb:522:in `call'
puma (3.9.1) lib/puma/configuration.rb:224:in `call'
puma (3.9.1) lib/puma/server.rb:602:in `handle_request'
puma (3.9.1) lib/puma/server.rb:435:in `process_client'
puma (3.9.1) lib/puma/server.rb:299:in `block in run'
puma (3.9.1) lib/puma/thread_pool.rb:120:in `block in spawn_thread'
  [1m[35m (0.0ms)[0m  [1m[34mSELECT sqlite_version(*)[0m
  [1m[35m (8.2ms)[0m  [1m[35mCREATE TABLE "schema_migrations" ("version" varchar NOT NULL PRIMARY KEY)[0m
  [1m[35m (8.0ms)[0m  [1m[35mCREATE TABLE "ar_internal_metadata" ("key" varchar NOT NULL PRIMARY KEY, "value" varchar, "created_at" datetime NOT NULL, "updated_at" datetime NOT NULL)[0m
  [1m[35m (0.0ms)[0m  [1m[34mSELECT "schema_migrations"."version" FROM "schema_migrations" ORDER BY "schema_migrations"."version" ASC[0m
Migrating to CreateLogins (20170623205241)
  [1m[35m (0.0ms)[0m  [1m[36mbegin transaction[0m
  [1m[35m (0.0ms)[0m  [1m[35mCREATE TABLE "logins" ("id" INTEGER PRIMARY KEY AUTOINCREMENT NOT NULL, "Email" varchar, "Password" varchar, "created_at" datetime NOT NULL, "updated_at" datetime NOT NULL)[0m
  [1m[35mSQL (0.0ms)[0m  [1m[32mINSERT INTO "schema_migrations" ("version") VALUES (?)[0m  [["version", "20170623205241"]]
  [1m[35m (4.0ms)[0m  [1m[36mcommit transaction[0m
Migrating to Restaurants (20170629040728)
Started GET "/" for 127.0.0.1 at 2017-07-08 01:48:07 -0700
  [1m[35m (0.0ms)[0m  [1m[34mSELECT "schema_migrations"."version" FROM "schema_migrations" ORDER BY "schema_migrations"."version" ASC[0m
  
ActiveRecord::PendingMigrationError (

Migrations are pending. To resolve this issue, run:

        bin/rails db:migrate RAILS_ENV=development

):
  
activerecord (5.1.1) lib/active_record/migration.rb:576:in `check_pending!'
activerecord (5.1.1) lib/active_record/migration.rb:553:in `call'
actionpack (5.1.1) lib/action_dispatch/middleware/callbacks.rb:26:in `block in call'
activesupport (5.1.1) lib/active_support/callbacks.rb:97:in `run_callbacks'
actionpack (5.1.1) lib/action_dispatch/middleware/callbacks.rb:24:in `call'
actionpack (5.1.1) lib/action_dispatch/middleware/executor.rb:12:in `call'
actionpack (5.1.1) lib/action_dispatch/middleware/debug_exceptions.rb:59:in `call'
web-console (3.5.1) lib/web_console/middleware.rb:135:in `call_app'
web-console (3.5.1) lib/web_console/middleware.rb:28:in `block in call'
web-console (3.5.1) lib/web_console/middleware.rb:18:in `catch'
web-console (3.5.1) lib/web_console/middleware.rb:18:in `call'
actionpack (5.1.1) lib/action_dispatch/middleware/show_exceptions.rb:31:in `call'
railties (5.1.1) lib/rails/rack/logger.rb:36:in `call_app'
railties (5.1.1) lib/rails/rack/logger.rb:24:in `block in call'
activesupport (5.1.1) lib/active_support/tagged_logging.rb:69:in `block in tagged'
activesupport (5.1.1) lib/active_support/tagged_logging.rb:26:in `tagged'
activesupport (5.1.1) lib/active_support/tagged_logging.rb:69:in `tagged'
railties (5.1.1) lib/rails/rack/logger.rb:24:in `call'
sprockets-rails (3.2.0) lib/sprockets/rails/quiet_assets.rb:13:in `call'
actionpack (5.1.1) lib/action_dispatch/middleware/remote_ip.rb:79:in `call'
actionpack (5.1.1) lib/action_dispatch/middleware/request_id.rb:25:in `call'
rack (2.0.3) lib/rack/method_override.rb:22:in `call'
rack (2.0.3) lib/rack/runtime.rb:22:in `call'
activesupport (5.1.1) lib/active_support/cache/strategy/local_cache_middleware.rb:27:in `call'
actionpack (5.1.1) lib/action_dispatch/middleware/executor.rb:12:in `call'
actionpack (5.1.1) lib/action_dispatch/middleware/static.rb:125:in `call'
rack (2.0.3) lib/rack/sendfile.rb:111:in `call'
railties (5.1.1) lib/rails/engine.rb:522:in `call'
puma (3.9.1) lib/puma/configuration.rb:224:in `call'
puma (3.9.1) lib/puma/server.rb:602:in `handle_request'
puma (3.9.1) lib/puma/server.rb:435:in `process_client'
puma (3.9.1) lib/puma/server.rb:299:in `block in run'
puma (3.9.1) lib/puma/thread_pool.rb:120:in `block in spawn_thread'
  [1m[35m (4.0ms)[0m  [1m[34mSELECT "schema_migrations"."version" FROM "schema_migrations" ORDER BY "schema_migrations"."version" ASC[0m
Migrating to Restaurants (20170629040728)
  [1m[35m (0.0ms)[0m  [1m[34mSELECT "schema_migrations"."version" FROM "schema_migrations" ORDER BY "schema_migrations"."version" ASC[0m
Migrating to Restaurants (20170629040728)
  [1m[35m (0.0ms)[0m  [1m[34mSELECT "schema_migrations"."version" FROM "schema_migrations" ORDER BY "schema_migrations"."version" ASC[0m
Migrating to Restaurants (20170629040728)
Started GET "/" for 127.0.0.1 at 2017-07-08 03:41:45 -0700
  [1m[35m (0.0ms)[0m  [1m[34mSELECT "schema_migrations"."version" FROM "schema_migrations" ORDER BY "schema_migrations"."version" ASC[0m
  
ActiveRecord::PendingMigrationError (

Migrations are pending. To resolve this issue, run:

        bin/rails db:migrate RAILS_ENV=development

):
  
activerecord (5.1.1) lib/active_record/migration.rb:576:in `check_pending!'
activerecord (5.1.1) lib/active_record/migration.rb:553:in `call'
actionpack (5.1.1) lib/action_dispatch/middleware/callbacks.rb:26:in `block in call'
activesupport (5.1.1) lib/active_support/callbacks.rb:97:in `run_callbacks'
actionpack (5.1.1) lib/action_dispatch/middleware/callbacks.rb:24:in `call'
actionpack (5.1.1) lib/action_dispatch/middleware/executor.rb:12:in `call'
actionpack (5.1.1) lib/action_dispatch/middleware/debug_exceptions.rb:59:in `call'
web-console (3.5.1) lib/web_console/middleware.rb:135:in `call_app'
web-console (3.5.1) lib/web_console/middleware.rb:28:in `block in call'
web-console (3.5.1) lib/web_console/middleware.rb:18:in `catch'
web-console (3.5.1) lib/web_console/middleware.rb:18:in `call'
actionpack (5.1.1) lib/action_dispatch/middleware/show_exceptions.rb:31:in `call'
railties (5.1.1) lib/rails/rack/logger.rb:36:in `call_app'
railties (5.1.1) lib/rails/rack/logger.rb:24:in `block in call'
activesupport (5.1.1) lib/active_support/tagged_logging.rb:69:in `block in tagged'
activesupport (5.1.1) lib/active_support/tagged_logging.rb:26:in `tagged'
activesupport (5.1.1) lib/active_support/tagged_logging.rb:69:in `tagged'
railties (5.1.1) lib/rails/rack/logger.rb:24:in `call'
sprockets-rails (3.2.0) lib/sprockets/rails/quiet_assets.rb:13:in `call'
actionpack (5.1.1) lib/action_dispatch/middleware/remote_ip.rb:79:in `call'
actionpack (5.1.1) lib/action_dispatch/middleware/request_id.rb:25:in `call'
rack (2.0.3) lib/rack/method_override.rb:22:in `call'
rack (2.0.3) lib/rack/runtime.rb:22:in `call'
activesupport (5.1.1) lib/active_support/cache/strategy/local_cache_middleware.rb:27:in `call'
actionpack (5.1.1) lib/action_dispatch/middleware/executor.rb:12:in `call'
actionpack (5.1.1) lib/action_dispatch/middleware/static.rb:125:in `call'
rack (2.0.3) lib/rack/sendfile.rb:111:in `call'
railties (5.1.1) lib/rails/engine.rb:522:in `call'
puma (3.9.1) lib/puma/configuration.rb:224:in `call'
puma (3.9.1) lib/puma/server.rb:602:in `handle_request'
puma (3.9.1) lib/puma/server.rb:435:in `process_client'
puma (3.9.1) lib/puma/server.rb:299:in `block in run'
puma (3.9.1) lib/puma/thread_pool.rb:120:in `block in spawn_thread'
  [1m[35m (0.0ms)[0m  [1m[34mSELECT "schema_migrations"."version" FROM "schema_migrations" ORDER BY "schema_migrations"."version" ASC[0m
Migrating to Restaurants (20170629040728)
  [1m[35m (0.0ms)[0m  [1m[34mSELECT "schema_migrations"."version" FROM "schema_migrations" ORDER BY "schema_migrations"."version" ASC[0m
Migrating to Restaurants (20170629040728)
Started GET "/" for 127.0.0.1 at 2017-07-08 03:44:25 -0700
  [1m[35m (0.0ms)[0m  [1m[34mSELECT "schema_migrations"."version" FROM "schema_migrations" ORDER BY "schema_migrations"."version" ASC[0m
  
ActiveRecord::PendingMigrationError (

Migrations are pending. To resolve this issue, run:

        bin/rails db:migrate RAILS_ENV=development

):
  
activerecord (5.1.1) lib/active_record/migration.rb:576:in `check_pending!'
activerecord (5.1.1) lib/active_record/migration.rb:553:in `call'
actionpack (5.1.1) lib/action_dispatch/middleware/callbacks.rb:26:in `block in call'
activesupport (5.1.1) lib/active_support/callbacks.rb:97:in `run_callbacks'
actionpack (5.1.1) lib/action_dispatch/middleware/callbacks.rb:24:in `call'
actionpack (5.1.1) lib/action_dispatch/middleware/executor.rb:12:in `call'
actionpack (5.1.1) lib/action_dispatch/middleware/debug_exceptions.rb:59:in `call'
web-console (3.5.1) lib/web_console/middleware.rb:135:in `call_app'
web-console (3.5.1) lib/web_console/middleware.rb:28:in `block in call'
web-console (3.5.1) lib/web_console/middleware.rb:18:in `catch'
web-console (3.5.1) lib/web_console/middleware.rb:18:in `call'
actionpack (5.1.1) lib/action_dispatch/middleware/show_exceptions.rb:31:in `call'
railties (5.1.1) lib/rails/rack/logger.rb:36:in `call_app'
railties (5.1.1) lib/rails/rack/logger.rb:24:in `block in call'
activesupport (5.1.1) lib/active_support/tagged_logging.rb:69:in `block in tagged'
activesupport (5.1.1) lib/active_support/tagged_logging.rb:26:in `tagged'
activesupport (5.1.1) lib/active_support/tagged_logging.rb:69:in `tagged'
railties (5.1.1) lib/rails/rack/logger.rb:24:in `call'
sprockets-rails (3.2.0) lib/sprockets/rails/quiet_assets.rb:13:in `call'
actionpack (5.1.1) lib/action_dispatch/middleware/remote_ip.rb:79:in `call'
actionpack (5.1.1) lib/action_dispatch/middleware/request_id.rb:25:in `call'
rack (2.0.3) lib/rack/method_override.rb:22:in `call'
rack (2.0.3) lib/rack/runtime.rb:22:in `call'
activesupport (5.1.1) lib/active_support/cache/strategy/local_cache_middleware.rb:27:in `call'
actionpack (5.1.1) lib/action_dispatch/middleware/executor.rb:12:in `call'
actionpack (5.1.1) lib/action_dispatch/middleware/static.rb:125:in `call'
rack (2.0.3) lib/rack/sendfile.rb:111:in `call'
railties (5.1.1) lib/rails/engine.rb:522:in `call'
puma (3.9.1) lib/puma/configuration.rb:224:in `call'
puma (3.9.1) lib/puma/server.rb:602:in `handle_request'
puma (3.9.1) lib/puma/server.rb:435:in `process_client'
puma (3.9.1) lib/puma/server.rb:299:in `block in run'
puma (3.9.1) lib/puma/thread_pool.rb:120:in `block in spawn_thread'
  [1m[35m (0.0ms)[0m  [1m[34mSELECT "schema_migrations"."version" FROM "schema_migrations" ORDER BY "schema_migrations"."version" ASC[0m
Migrating to Restaurants (20170629040728)
  [1m[35m (0.0ms)[0m  [1m[34mSELECT "schema_migrations"."version" FROM "schema_migrations" ORDER BY "schema_migrations"."version" ASC[0m
  [1m[35m (0.0ms)[0m  [1m[34mSELECT "schema_migrations"."version" FROM "schema_migrations" ORDER BY "schema_migrations"."version" ASC[0m
Migrating to Restaurants (20170629040728)
  [1m[35m (0.0ms)[0m  [1m[34mSELECT "schema_migrations"."version" FROM "schema_migrations" ORDER BY "schema_migrations"."version" ASC[0m
Migrating to Restaurants (20170629040728)
  [1m[35m (0.0ms)[0m  [1m[36mbegin transaction[0m
  [1m[35m (0.0ms)[0m  [1m[34mSELECT sqlite_version(*)[0m
  [1m[35m (0.0ms)[0m  [1m[35mCREATE TABLE "shops" ("id" INTEGER PRIMARY KEY AUTOINCREMENT NOT NULL, "number" integer NOT NULL, "name" text NOT NULL, "address" varchar, "postalcode" varchar(6), "contact" varchar)[0m
  [1m[35mSQL (0.0ms)[0m  [1m[32mINSERT INTO "schema_migrations" ("version") VALUES (?)[0m  [["version", "20170629040728"]]
  [1m[35m (20.4ms)[0m  [1m[36mcommit transaction[0m
  [1m[36mActiveRecord::InternalMetadata Load (0.0ms)[0m  [1m[34mSELECT  "ar_internal_metadata".* FROM "ar_internal_metadata" WHERE "ar_internal_metadata"."key" = ? LIMIT ?[0m  [["key", "environment"], ["LIMIT", 1]]
  [1m[35m (0.0ms)[0m  [1m[36mbegin transaction[0m
  [1m[35mSQL (2.0ms)[0m  [1m[32mINSERT INTO "ar_internal_metadata" ("key", "value", "created_at", "updated_at") VALUES (?, ?, ?, ?)[0m  [["key", "environment"], ["value", "development"], ["created_at", "2017-07-08 10:46:11.201378"], ["updated_at", "2017-07-08 10:46:11.201378"]]
  [1m[35m (11.1ms)[0m  [1m[36mcommit transaction[0m
  [1m[35m (1.0ms)[0m  [1m[34mSELECT "schema_migrations"."version" FROM "schema_migrations" ORDER BY "schema_migrations"."version" ASC[0m
  [1m[35m (0.0ms)[0m  [1m[34mSELECT "schema_migrations"."version" FROM "schema_migrations" ORDER BY "schema_migrations"."version" ASC[0m
Started GET "/" for 127.0.0.1 at 2017-07-08 03:46:24 -0700
  [1m[35m (0.0ms)[0m  [1m[34mSELECT "schema_migrations"."version" FROM "schema_migrations" ORDER BY "schema_migrations"."version" ASC[0m
Processing by PizzaclusterController#index as HTML
  Rendering pizzacluster/index.html.erb within layouts/application
  Rendered pizzacluster/index.html.erb within layouts/application (0.0ms)
Completed 200 OK in 169ms (Views: 133.7ms | ActiveRecord: 0.0ms)


Started GET "/menu" for 127.0.0.1 at 2017-07-08 03:46:47 -0700
Processing by MenuController#show as HTML
  Rendering menu/show.html.erb within layouts/application
  Rendered menu/show.html.erb within layouts/application (0.0ms)
Completed 200 OK in 69ms (Views: 44.0ms | ActiveRecord: 0.0ms)


Started GET "/" for 127.0.0.1 at 2017-07-09 16:08:10 -0700
  [1m[35m (0.0ms)[0m  [1m[34mSELECT "schema_migrations"."version" FROM "schema_migrations" ORDER BY "schema_migrations"."version" ASC[0m
Processing by PizzaclusterController#index as HTML
  Rendering pizzacluster/index.html.erb within layouts/application
  Rendered pizzacluster/index.html.erb within layouts/application (4.5ms)
Completed 200 OK in 231ms (Views: 196.5ms | ActiveRecord: 0.0ms)


Started GET "/pizzacluster" for 127.0.0.1 at 2017-07-10 01:54:02 -0700
Processing by PizzaclusterController#index as HTML
  Rendering pizzacluster/index.html.erb within layouts/application
  Rendered pizzacluster/index.html.erb within layouts/application (8.0ms)
Completed 200 OK in 128ms (Views: 85.3ms | ActiveRecord: 0.0ms)


Started GET "/menu" for 127.0.0.1 at 2017-07-10 01:54:05 -0700
Processing by MenuController#show as HTML
  Rendering menu/show.html.erb within layouts/application
  Rendered menu/show.html.erb within layouts/application (0.0ms)
Completed 200 OK in 152ms (Views: 99.4ms | ActiveRecord: 0.0ms)


Started GET "/" for 127.0.0.1 at 2017-07-10 15:41:44 -0700
  [1m[35m (0.0ms)[0m  [1m[34mSELECT "schema_migrations"."version" FROM "schema_migrations" ORDER BY "schema_migrations"."version" ASC[0m
Processing by PizzaclusterController#index as HTML
  Rendering pizzacluster/index.html.erb within layouts/application
  Rendered pizzacluster/index.html.erb within layouts/application (4.0ms)
Completed 200 OK in 191ms (Views: 161.7ms | ActiveRecord: 0.0ms)


Started GET "/" for 127.0.0.1 at 2017-07-10 15:50:21 -0700
Processing by PizzaclusterController#index as HTML
  Rendering pizzacluster/index.html.erb within layouts/application
  Rendered pizzacluster/index.html.erb within layouts/application (0.0ms)
Completed 200 OK in 120ms (Views: 91.4ms | ActiveRecord: 0.0ms)


Started GET "/" for 127.0.0.1 at 2017-07-10 15:50:37 -0700
Processing by PizzaclusterController#index as HTML
  Rendering pizzacluster/index.html.erb within layouts/application
  Rendered pizzacluster/index.html.erb within layouts/application (0.0ms)
Completed 200 OK in 117ms (Views: 73.3ms | ActiveRecord: 0.0ms)


Started GET "/menu" for 127.0.0.1 at 2017-07-10 15:53:22 -0700
Processing by MenuController#show as HTML
  Rendering menu/show.html.erb within layouts/application
  Rendered menu/show.html.erb within layouts/application (4.0ms)
Completed 200 OK in 116ms (Views: 81.7ms | ActiveRecord: 0.0ms)


Started GET "/" for 127.0.0.1 at 2017-07-13 00:04:11 -0700
  [1m[35m (0.0ms)[0m  [1m[34mSELECT "schema_migrations"."version" FROM "schema_migrations" ORDER BY "schema_migrations"."version" ASC[0m
Processing by PizzaclusterController#index as HTML
  Rendering pizzacluster/index.html.erb within layouts/application
  Rendered pizzacluster/index.html.erb within layouts/application (8.0ms)
Completed 200 OK in 220ms (Views: 182.0ms | ActiveRecord: 0.0ms)


Started GET "/logins" for 127.0.0.1 at 2017-07-13 00:04:31 -0700
Processing by LoginsController#index as HTML
  Rendering logins/index.html.erb within layouts/application
  [1m[36mLogin Load (4.0ms)[0m  [1m[34mSELECT "logins".* FROM "logins"[0m
  Rendered logins/index.html.erb within layouts/application (8.0ms)
Completed 200 OK in 92ms (Views: 53.5ms | ActiveRecord: 4.0ms)


Started GET "/logins/new" for 127.0.0.1 at 2017-07-13 00:04:33 -0700
Processing by LoginsController#new as HTML
  Rendering logins/new.html.erb within layouts/application
  Rendered logins/_form.html.erb (178.3ms) [cache miss]
  Rendered logins/new.html.erb within layouts/application (218.3ms)
Completed 200 OK in 399ms (Views: 337.9ms | ActiveRecord: 0.0ms)


Started POST "/logins" for 127.0.0.1 at 2017-07-13 00:04:48 -0700
Processing by LoginsController#create as HTML
  Parameters: {"utf8"=>"✓", "authenticity_token"=>"BQTjno+Bnk01SA6Tt4ta2lQkKfelKsag1rOABVNg3mvA1AEfBqTyScuR/iknVjqF++YHIDxNxbjMenq058m05A==", "login"=>{"Email"=>"notsoimportant11@gmail.com", "Password"=>"[FILTERED]"}, "commit"=>"Create Login"}
  [1m[35m (0.0ms)[0m  [1m[36mbegin transaction[0m
  [1m[35mSQL (0.0ms)[0m  [1m[32mINSERT INTO "logins" ("Email", "Password", "created_at", "updated_at") VALUES (?, ?, ?, ?)[0m  [["Email", "notsoimportant11@gmail.com"], ["Password", ""], ["created_at", "2017-07-13 07:04:48.742134"], ["updated_at", "2017-07-13 07:04:48.742134"]]
  [1m[35m (8.0ms)[0m  [1m[36mcommit transaction[0m
Redirected to http://localhost:3000/logins/1
Completed 302 Found in 16ms (ActiveRecord: 8.0ms)


Started GET "/logins/1" for 127.0.0.1 at 2017-07-13 00:04:48 -0700
Processing by LoginsController#show as HTML
  Parameters: {"id"=>"1"}
  [1m[36mLogin Load (0.0ms)[0m  [1m[34mSELECT  "logins".* FROM "logins" WHERE "logins"."id" = ? LIMIT ?[0m  [["id", 1], ["LIMIT", 1]]
  Rendering logins/show.html.erb within layouts/application
  Rendered logins/show.html.erb within layouts/application (0.0ms)
Completed 200 OK in 92ms (Views: 49.1ms | ActiveRecord: 0.0ms)


Started GET "/logins" for 127.0.0.1 at 2017-07-13 00:04:52 -0700
Processing by LoginsController#index as HTML
  Rendering logins/index.html.erb within layouts/application
  [1m[36mLogin Load (0.0ms)[0m  [1m[34mSELECT "logins".* FROM "logins"[0m
  Rendered logins/index.html.erb within layouts/application (4.0ms)
Completed 200 OK in 112ms (Views: 67.4ms | ActiveRecord: 0.0ms)


Started GET "/logins/1" for 127.0.0.1 at 2017-07-13 00:04:54 -0700
Processing by LoginsController#show as HTML
  Parameters: {"id"=>"1"}
  [1m[36mLogin Load (0.0ms)[0m  [1m[34mSELECT  "logins".* FROM "logins" WHERE "logins"."id" = ? LIMIT ?[0m  [["id", 1], ["LIMIT", 1]]
  Rendering logins/show.html.erb within layouts/application
  Rendered logins/show.html.erb within layouts/application (0.0ms)
Completed 200 OK in 160ms (Views: 107.6ms | ActiveRecord: 0.0ms)


Started GET "/logins/1/edit" for 127.0.0.1 at 2017-07-13 00:04:58 -0700
Processing by LoginsController#edit as HTML
  Parameters: {"id"=>"1"}
  [1m[36mLogin Load (0.0ms)[0m  [1m[34mSELECT  "logins".* FROM "logins" WHERE "logins"."id" = ? LIMIT ?[0m  [["id", 1], ["LIMIT", 1]]
  Rendering logins/edit.html.erb within layouts/application
  Rendered logins/_form.html.erb (4.0ms) [cache miss]
  Rendered logins/edit.html.erb within layouts/application (28.1ms)
Completed 200 OK in 220ms (Views: 159.8ms | ActiveRecord: 0.0ms)


Started PATCH "/logins/1" for 127.0.0.1 at 2017-07-13 00:05:01 -0700
Processing by LoginsController#update as HTML
  Parameters: {"utf8"=>"✓", "authenticity_token"=>"MHUvc0p9nIkQ18pbgWPehl47XoINwgLdzcqYZCSP/ej+cvD0tduwym/be8vMg0tm7SBalbr/3HNK5/qh+5myog==", "login"=>{"Email"=>"notsoimportant11@gmail.com", "Password"=>"[FILTERED]"}, "commit"=>"Update Login", "id"=>"1"}
  [1m[36mLogin Load (0.0ms)[0m  [1m[34mSELECT  "logins".* FROM "logins" WHERE "logins"."id" = ? LIMIT ?[0m  [["id", 1], ["LIMIT", 1]]
  [1m[35m (0.0ms)[0m  [1m[36mbegin transaction[0m
  [1m[35m (0.0ms)[0m  [1m[36mcommit transaction[0m
Redirected to http://localhost:3000/logins/1
Completed 302 Found in 32ms (ActiveRecord: 0.0ms)


Started GET "/logins/1" for 127.0.0.1 at 2017-07-13 00:05:01 -0700
Processing by LoginsController#show as HTML
  Parameters: {"id"=>"1"}
  [1m[36mLogin Load (0.0ms)[0m  [1m[34mSELECT  "logins".* FROM "logins" WHERE "logins"."id" = ? LIMIT ?[0m  [["id", 1], ["LIMIT", 1]]
  Rendering logins/show.html.erb within layouts/application
  Rendered logins/show.html.erb within layouts/application (0.0ms)
Completed 200 OK in 201ms (Views: 143.6ms | ActiveRecord: 0.0ms)


Started GET "/logins/1" for 127.0.0.1 at 2017-07-13 00:05:13 -0700
Processing by LoginsController#show as HTML
  Parameters: {"id"=>"1"}
  [1m[36mLogin Load (0.0ms)[0m  [1m[34mSELECT  "logins".* FROM "logins" WHERE "logins"."id" = ? LIMIT ?[0m  [["id", 1], ["LIMIT", 1]]
  Rendering logins/show.html.erb within layouts/application
  Rendered logins/show.html.erb within layouts/application (0.0ms)
Completed 200 OK in 208ms (Views: 152.4ms | ActiveRecord: 0.0ms)


Started GET "/logins" for 127.0.0.1 at 2017-07-13 00:05:17 -0700
Processing by LoginsController#index as HTML
  Rendering logins/index.html.erb within layouts/application
  [1m[36mLogin Load (0.0ms)[0m  [1m[34mSELECT "logins".* FROM "logins"[0m
  Rendered logins/index.html.erb within layouts/application (8.0ms)
Completed 200 OK in 196ms (Views: 146.3ms | ActiveRecord: 0.0ms)


Started GET "/logins/new" for 127.0.0.1 at 2017-07-13 00:05:19 -0700
Processing by LoginsController#new as HTML
  Rendering logins/new.html.erb within layouts/application
  Rendered logins/_form.html.erb (4.0ms) [cache miss]
  Rendered logins/new.html.erb within layouts/application (24.0ms)
Completed 200 OK in 256ms (Views: 156.9ms | ActiveRecord: 0.0ms)


Started GET "/" for 127.0.0.1 at 2017-07-13 15:44:11 -0700
  [1m[35m (0.0ms)[0m  [1m[34mSELECT "schema_migrations"."version" FROM "schema_migrations" ORDER BY "schema_migrations"."version" ASC[0m
Processing by PizzaclusterController#index as HTML
  Rendering pizzacluster/index.html.erb within layouts/application
  Rendered pizzacluster/index.html.erb within layouts/application (2.5ms)
Completed 500 Internal Server Error in 1061ms (ActiveRecord: 0.0ms)


  
ActionView::Template::Error (TypeError: Object doesn't support this property or method):
    1: <!DOCTYPE html>
    2: <html>
    3: <%= csrf_meta_tags %>
    4: <%= stylesheet_link_tag "application.css" %>
    5: 	<div class = "w3-container w3-yellow" id = "content-wrapper">
    6: 		<h1><a href="pizzacluster" target="pizzacluster">Pizza Cluster</h1>
    7: 		<div id = "login_wrapper">
  
app/views/layouts/application.html.erb:4:in `_app_views_layouts_application_html_erb___308631837_82734972'
Started GET "/" for 127.0.0.1 at 2017-07-13 15:45:39 -0700
Processing by PizzaclusterController#index as HTML
  Rendering pizzacluster/index.html.erb within layouts/application
  Rendered pizzacluster/index.html.erb within layouts/application (0.0ms)
Completed 200 OK in 90ms (Views: 66.8ms | ActiveRecord: 0.0ms)


Started GET "/logins" for 127.0.0.1 at 2017-07-13 15:46:00 -0700
Processing by LoginsController#index as HTML
  Rendering logins/index.html.erb within layouts/application
  [1m[36mLogin Load (0.0ms)[0m  [1m[34mSELECT "logins".* FROM "logins"[0m
  Rendered logins/index.html.erb within layouts/application (279.7ms)
Completed 200 OK in 511ms (Views: 488.4ms | ActiveRecord: 0.5ms)


Started GET "/logins/new" for 127.0.0.1 at 2017-07-13 15:46:08 -0700
Processing by LoginsController#new as HTML
  Rendering logins/new.html.erb within layouts/application
  Rendered logins/_form.html.erb (48.1ms) [cache miss]
  Rendered logins/new.html.erb within layouts/application (123.3ms)
Completed 200 OK in 370ms (Views: 335.8ms | ActiveRecord: 0.0ms)


Started POST "/logins" for 127.0.0.1 at 2017-07-13 15:46:20 -0700
Processing by LoginsController#create as HTML
  Parameters: {"utf8"=>"✓", "authenticity_token"=>"wQvmY2p1JpXcQFNr4gRly6un6Tz6ZdnXi5bMKoExbPlPEgJ8u9VZmnfno1MERhv1EMZzX6oGOvco3zFFNWO3Kg==", "login"=>{"Email"=>"notsoimportant11@gmail.com", "Password"=>"[FILTERED]"}, "commit"=>"Create Login"}
  [1m[35m (0.0ms)[0m  [1m[36mbegin transaction[0m
  [1m[35mSQL (3.0ms)[0m  [1m[32mINSERT INTO "logins" ("Email", "Password", "created_at", "updated_at") VALUES (?, ?, ?, ?)[0m  [["Email", "notsoimportant11@gmail.com"], ["Password", "rishabh"], ["created_at", "2017-07-13 22:46:20.055845"], ["updated_at", "2017-07-13 22:46:20.055845"]]
  [1m[35m (10.0ms)[0m  [1m[36mcommit transaction[0m
Redirected to http://localhost:3000/logins/2
Completed 302 Found in 29ms (ActiveRecord: 13.0ms)


Started GET "/logins/2" for 127.0.0.1 at 2017-07-13 15:46:20 -0700
Processing by LoginsController#show as HTML
  Parameters: {"id"=>"2"}
  [1m[36mLogin Load (0.0ms)[0m  [1m[34mSELECT  "logins".* FROM "logins" WHERE "logins"."id" = ? LIMIT ?[0m  [["id", 2], ["LIMIT", 1]]
  Rendering logins/show.html.erb within layouts/application
  Rendered logins/show.html.erb within layouts/application (1.0ms)
Completed 200 OK in 115ms (Views: 81.2ms | ActiveRecord: 0.0ms)


Started GET "/logins/menu" for 127.0.0.1 at 2017-07-13 15:46:23 -0700
Processing by LoginsController#show as HTML
  Parameters: {"id"=>"menu"}
  [1m[36mLogin Load (0.0ms)[0m  [1m[34mSELECT  "logins".* FROM "logins" WHERE "logins"."id" = ? LIMIT ?[0m  [["id", 0], ["LIMIT", 1]]
Completed 404 Not Found in 4ms (ActiveRecord: 0.0ms)


  
ActiveRecord::RecordNotFound (Couldn't find Login with 'id'=menu):
  
app/controllers/logins_controller.rb:67:in `set_login'
Started GET "/logins/pizzacluster" for 127.0.0.1 at 2017-07-13 15:46:40 -0700
Processing by LoginsController#show as HTML
  Parameters: {"id"=>"pizzacluster"}
  [1m[36mLogin Load (0.5ms)[0m  [1m[34mSELECT  "logins".* FROM "logins" WHERE "logins"."id" = ? LIMIT ?[0m  [["id", 0], ["LIMIT", 1]]
Completed 404 Not Found in 362ms (ActiveRecord: 0.5ms)


  
ActiveRecord::RecordNotFound (Couldn't find Login with 'id'=pizzacluster):
  
app/controllers/logins_controller.rb:67:in `set_login'
Started GET "/logins/pizzacluster" for 127.0.0.1 at 2017-07-13 15:46:47 -0700
Processing by LoginsController#show as HTML
  Parameters: {"id"=>"pizzacluster"}
  [1m[36mLogin Load (0.5ms)[0m  [1m[34mSELECT  "logins".* FROM "logins" WHERE "logins"."id" = ? LIMIT ?[0m  [["id", 0], ["LIMIT", 1]]
Completed 404 Not Found in 345ms (ActiveRecord: 0.5ms)


  
ActiveRecord::RecordNotFound (Couldn't find Login with 'id'=pizzacluster):
  
app/controllers/logins_controller.rb:67:in `set_login'
Started GET "/logins/order" for 127.0.0.1 at 2017-07-13 15:46:58 -0700
Processing by LoginsController#show as HTML
  Parameters: {"id"=>"order"}
  [1m[36mLogin Load (0.5ms)[0m  [1m[34mSELECT  "logins".* FROM "logins" WHERE "logins"."id" = ? LIMIT ?[0m  [["id", 0], ["LIMIT", 1]]
Completed 404 Not Found in 322ms (ActiveRecord: 0.5ms)


  
ActiveRecord::RecordNotFound (Couldn't find Login with 'id'=order):
  
app/controllers/logins_controller.rb:67:in `set_login'
Started GET "/" for 127.0.0.1 at 2017-07-13 17:07:01 -0700
  [1m[35m (0.5ms)[0m  [1m[34mSELECT "schema_migrations"."version" FROM "schema_migrations" ORDER BY "schema_migrations"."version" ASC[0m
Processing by PizzaclusterController#index as HTML
  Rendering pizzacluster/index.html.erb within layouts/application
  Rendered pizzacluster/index.html.erb within layouts/application (15.0ms)
Completed 500 Internal Server Error in 2647ms (ActiveRecord: 0.0ms)


  
ActionView::Template::Error (TypeError: Object doesn't support this property or method):
    1: <!DOCTYPE html>
    2: <html>
    3: <%= csrf_meta_tags %>
    4: <%= stylesheet_link_tag "application" %>
    5: 	<div class = "w3-container w3-yellow" id = "content-wrapper">
    6: 		<h1><a href="pizzacluster" target="pizzacluster">Pizza Cluster</h1>
    7: 		<div id = "login_wrapper">
  
app/views/layouts/application.html.erb:4:in `_app_views_layouts_application_html_erb__950248826_80915028'
Started GET "/" for 127.0.0.1 at 2017-07-13 17:14:09 -0700
Processing by PizzaclusterController#index as HTML
  Rendering pizzacluster/index.html.erb within layouts/application
  Rendered pizzacluster/index.html.erb within layouts/application (0.5ms)
Completed 200 OK in 179ms (Views: 147.1ms)


Started GET "/menu" for 127.0.0.1 at 2017-07-13 17:14:37 -0700
Processing by MenuController#show as HTML
  Rendering menu/show.html.erb within layouts/application
  Rendered menu/show.html.erb within layouts/application (0.5ms)
Completed 200 OK in 193ms (Views: 164.1ms)


Started GET "/logins" for 127.0.0.1 at 2017-07-13 17:14:44 -0700
Processing by LoginsController#index as HTML
  Rendering logins/index.html.erb within layouts/application
  [1m[36mLogin Load (0.0ms)[0m  [1m[34mSELECT "logins".* FROM "logins"[0m
  Rendered logins/index.html.erb within layouts/application (326.4ms)
Completed 200 OK in 521ms (Views: 459.0ms | ActiveRecord: 1.5ms)


Started GET "/logins/2" for 127.0.0.1 at 2017-07-13 17:14:48 -0700
Processing by LoginsController#show as HTML
  Parameters: {"id"=>"2"}
  Rendering logins/show.html.erb within layouts/application
  Rendered logins/show.html.erb within layouts/application (37.6ms)
Completed 500 Internal Server Error in 199ms (ActiveRecord: 0.0ms)


  
ActionView::Template::Error (undefined method `Email' for nil:NilClass):
    2: 
    3: <p>
    4:   <strong>Email:</strong>
    5:   <%= @login.Email %>
    6: </p>
    7: 
    8: <p>
  
app/views/logins/show.html.erb:5:in `_app_views_logins_show_html_erb__439962841_95621556'
Started GET "/logins/1" for 127.0.0.1 at 2017-07-13 17:15:14 -0700
Processing by LoginsController#show as HTML
  Parameters: {"id"=>"1"}
  Rendering logins/show.html.erb within layouts/application
  Rendered logins/show.html.erb within layouts/application (27.6ms)
Completed 500 Internal Server Error in 287ms (ActiveRecord: 0.0ms)


  
ActionView::Template::Error (undefined method `Email' for nil:NilClass):
    2: 
    3: <p>
    4:   <strong>Email:</strong>
    5:   <%= @login.Email %>
    6: </p>
    7: 
    8: <p>
  
app/views/logins/show.html.erb:5:in `_app_views_logins_show_html_erb__439962841_92716572'
Started GET "/logins/1/edit" for 127.0.0.1 at 2017-07-13 17:15:23 -0700
Processing by LoginsController#edit as HTML
  Parameters: {"id"=>"1"}
  Rendering logins/edit.html.erb within layouts/application
  Rendered logins/_form.html.erb (19.6ms)
  Rendered logins/edit.html.erb within layouts/application (100.8ms)
Completed 500 Internal Server Error in 232ms (ActiveRecord: 0.0ms)


  
ActionView::Template::Error (undefined method `errors' for nil:NilClass):
    1: <%= form_with(model: login, local: true) do |form| %>
    2:   <% if login.errors.any? %>
    3:     <div id="error_explanation">
    4:       <h2><%= pluralize(login.errors.count, "error") %> prohibited this login from being saved:</h2>
    5: 
  
app/views/logins/_form.html.erb:2:in `block in _app_views_logins__form_html_erb___376051183_80896260'
app/views/logins/_form.html.erb:1:in `_app_views_logins__form_html_erb___376051183_80896260'
app/views/logins/edit.html.erb:3:in `_app_views_logins_edit_html_erb__692926855_81180492'
Started GET "/pizzacluster" for 127.0.0.1 at 2017-07-13 17:15:38 -0700
Processing by PizzaclusterController#index as HTML
  Rendering pizzacluster/index.html.erb within layouts/application
Started GET "/pizzacluster" for 127.0.0.1 at 2017-07-13 17:15:38 -0700
  Rendered pizzacluster/index.html.erb within layouts/application (0.5ms)
Processing by PizzaclusterController#index as HTML
Completed 200 OK in 324ms (Views: 309.1ms | ActiveRecord: 0.0ms)


  Rendering pizzacluster/index.html.erb within layouts/application
  Rendered pizzacluster/index.html.erb within layouts/application (1.0ms)
Completed 200 OK in 306ms (Views: 254.8ms | ActiveRecord: 0.0ms)


Started GET "/order" for 127.0.0.1 at 2017-07-13 17:15:45 -0700
Processing by OrderController#show as HTML
  Rendering order/show.html.erb within layouts/application
  Rendered order/show.html.erb within layouts/application (0.0ms)
Completed 200 OK in 180ms (Views: 163.8ms | ActiveRecord: 0.0ms)


Started GET "/info" for 127.0.0.1 at 2017-07-13 17:15:48 -0700
Processing by InfoController#show as HTML
  Rendering info/show.html.erb within layouts/application
  Rendered info/show.html.erb within layouts/application (0.0ms)
Completed 200 OK in 184ms (Views: 148.3ms | ActiveRecord: 0.0ms)


Started GET "/pizzacluster" for 127.0.0.1 at 2017-07-13 17:15:52 -0700
Processing by PizzaclusterController#index as HTML
  Rendering pizzacluster/index.html.erb within layouts/application
  Rendered pizzacluster/index.html.erb within layouts/application (0.0ms)
Completed 200 OK in 188ms (Views: 155.8ms | ActiveRecord: 0.0ms)


Started GET "/pizzacluster" for 127.0.0.1 at 2017-07-13 17:16:01 -0700
Processing by PizzaclusterController#index as HTML
  Rendering pizzacluster/index.html.erb within layouts/application
  Rendered pizzacluster/index.html.erb within layouts/application (0.0ms)
Completed 200 OK in 172ms (Views: 152.9ms | ActiveRecord: 0.0ms)


Started GET "/order" for 127.0.0.1 at 2017-07-13 17:16:03 -0700
Processing by OrderController#show as HTML
  Rendering order/show.html.erb within layouts/application
  Rendered order/show.html.erb within layouts/application (1.0ms)
Completed 200 OK in 61ms (Views: 43.9ms | ActiveRecord: 0.0ms)


Started GET "/menu" for 127.0.0.1 at 2017-07-13 17:16:06 -0700
Processing by MenuController#show as HTML
  Rendering menu/show.html.erb within layouts/application
  Rendered menu/show.html.erb within layouts/application (2.0ms)
Completed 200 OK in 62ms (Views: 45.9ms | ActiveRecord: 0.0ms)


Started GET "/pizzacluster" for 127.0.0.1 at 2017-07-13 17:16:22 -0700
Processing by PizzaclusterController#index as HTML
  Rendering pizzacluster/index.html.erb within layouts/application
  Rendered pizzacluster/index.html.erb within layouts/application (0.5ms)
Completed 200 OK in 200ms (Views: 175.9ms | ActiveRecord: 0.0ms)


Started GET "/pizzacluster" for 127.0.0.1 at 2017-07-13 17:19:10 -0700
Processing by PizzaclusterController#index as HTML
  Rendering pizzacluster/index.html.erb within layouts/application
  Rendered pizzacluster/index.html.erb within layouts/application (0.0ms)
Completed 500 Internal Server Error in 269ms


  
ActionView::Template::Error (The asset "all.css" is not present in the asset pipeline.):
    1: <!DOCTYPE html>
    2: <html>
    3: <%= csrf_meta_tags %>
    4: <%= stylesheet_link_tag :all %>
    5: 	<div class = "w3-container w3-yellow" id = "content-wrapper">
    6: 		<h1><a href="pizzacluster" target="pizzacluster">Pizza Cluster</h1>
    7: 		<div id = "login_wrapper">
  
app/views/layouts/application.html.erb:4:in `_app_views_layouts_application_html_erb__950248826_84967440'
Started GET "/pizzacluster" for 127.0.0.1 at 2017-07-13 17:22:30 -0700
Processing by PizzaclusterController#index as HTML
  Rendering pizzacluster/index.html.erb within layouts/application
  Rendered pizzacluster/index.html.erb within layouts/application (0.0ms)
Completed 500 Internal Server Error in 332ms


  
ActionView::Template::Error (TypeError: Object doesn't support this property or method):
    1: <!DOCTYPE html>
    2: <html>
    3: <%= csrf_meta_tags %>
    4: <%= stylesheet_link_tag 'application.css' %>
    5: 	<div class = "w3-container w3-yellow" id = "content-wrapper">
    6: 		<h1><a href="pizzacluster" target="pizzacluster">Pizza Cluster</h1>
    7: 		<div id = "login_wrapper">
  
app/views/layouts/application.html.erb:4:in `_app_views_layouts_application_html_erb__950248826_96653064'
Started GET "/pizzacluster" for 127.0.0.1 at 2017-07-13 18:31:50 -0700
Processing by PizzaclusterController#index as HTML
  Rendering pizzacluster/index.html.erb within layouts/application
  Rendered pizzacluster/index.html.erb within layouts/application (2.0ms)
Completed 500 Internal Server Error in 836ms


  
ActionView::Template::Error (TypeError: Object doesn't support this property or method):
    1: <!DOCTYPE html>
    2: <html>
    3: <%= csrf_meta_tags %>
    4: <%= stylesheet_link_tag "application.css" %>
    5: 	<div class = "w3-container w3-yellow" id = "content-wrapper">
    6: 		<h1><a href="pizzacluster" target="pizzacluster">Pizza Cluster</h1>
    7: 		<div id = "login_wrapper">
  
app/views/layouts/application.html.erb:4:in `_app_views_layouts_application_html_erb__950248826_34441428'
Started POST "/__web_console/repl_sessions/d24a08c869cbc203d026cb9fe945fdfb/trace" for 127.0.0.1 at 2017-07-13 18:34:30 -0700
Started GET "/" for 127.0.0.1 at 2017-07-13 21:02:10 -0700
  [1m[35m (0.0ms)[0m  [1m[34mSELECT "schema_migrations"."version" FROM "schema_migrations" ORDER BY "schema_migrations"."version" ASC[0m
Processing by PizzaclusterController#index as HTML
  Rendering pizzacluster/index.html.erb within layouts/application
  Rendered pizzacluster/index.html.erb within layouts/application (6.5ms)
Completed 500 Internal Server Error in 1385ms (ActiveRecord: 0.0ms)


  
ActionView::Template::Error (TypeError: Object doesn't support this property or method):
    1: <!DOCTYPE html>
    2: <html>
    3: <%= csrf_meta_tags %>
    4: <%= stylesheet_link_tag "application.css" %>
    5: 	<div class = "w3-container w3-yellow" id = "content-wrapper">
    6: 		<h1><a href="pizzacluster" target="pizzacluster">Pizza Cluster</h1>
    7: 		<div id = "login_wrapper">
  
app/views/layouts/application.html.erb:4:in `_app_views_layouts_application_html_erb___140303589_57359136'
Started GET "/" for 127.0.0.1 at 2017-07-13 21:03:11 -0700
Processing by PizzaclusterController#index as HTML
  Rendering pizzacluster/index.html.erb within layouts/application
  Rendered pizzacluster/index.html.erb within layouts/application (0.5ms)
Completed 500 Internal Server Error in 596ms (ActiveRecord: 0.0ms)


  
ActionView::Template::Error (TypeError: Object doesn't support this property or method):
    1: <!DOCTYPE html>
    2: <html>
    3: <%= csrf_meta_tags %>
    4: <% stylesheet_link_tag "application.css" %>
    5: 	<div class = "w3-container w3-yellow" id = "content-wrapper">
    6: 		<h1><a href="pizzacluster" target="pizzacluster">Pizza Cluster</h1>
    7: 		<div id = "login_wrapper">
  
app/views/layouts/application.html.erb:4:in `_app_views_layouts_application_html_erb___140303589_106546176'
Started GET "/" for 127.0.0.1 at 2017-07-13 21:34:33 -0700
Processing by PizzaclusterController#index as HTML
  Rendering pizzacluster/index.html.erb within layouts/application
  Rendered pizzacluster/index.html.erb within layouts/application (0.5ms)
Completed 500 Internal Server Error in 497ms (ActiveRecord: 0.0ms)


  
ActionView::Template::Error (TypeError: Object doesn't support this property or method):
    1: <!DOCTYPE html>
    2: <html>
    3: <%= csrf_meta_tags %>
    4: <!--<%= stylesheet_link_tag "application.css" %>-->
    5: 	<div class = "w3-container w3-yellow" id = "content-wrapper">
    6: 		<h1><a href="pizzacluster" target="pizzacluster">Pizza Cluster</h1>
    7: 		<div id = "login_wrapper">
  
app/views/layouts/application.html.erb:4:in `_app_views_layouts_application_html_erb___140303589_44635332'
Started GET "/" for 127.0.0.1 at 2017-07-13 21:35:03 -0700
Processing by PizzaclusterController#index as HTML
  Rendering pizzacluster/index.html.erb within layouts/application
  Rendered pizzacluster/index.html.erb within layouts/application (0.0ms)
Completed 500 Internal Server Error in 588ms (ActiveRecord: 0.0ms)


  
ActionView::Template::Error (TypeError: Object doesn't support this property or method):
    1: <!DOCTYPE html>
    2: <html>
    3: <%= csrf_meta_tags %>
    4: <!-- <%= stylesheet_link_tag "application.css" %> -->
    5: 	<div class = "w3-container w3-yellow" id = "content-wrapper">
    6: 		<h1><a href="pizzacluster" target="pizzacluster">Pizza Cluster</h1>
    7: 		<div id = "login_wrapper">
  
app/views/layouts/application.html.erb:4:in `_app_views_layouts_application_html_erb___140303589_102192288'
Started GET "/" for 127.0.0.1 at 2017-07-14 00:06:27 -0700
  [1m[35m (0.0ms)[0m  [1m[34mSELECT "schema_migrations"."version" FROM "schema_migrations" ORDER BY "schema_migrations"."version" ASC[0m
Processing by PizzaclusterController#index as HTML
  Rendering pizzacluster/index.html.erb within layouts/application
  Rendered pizzacluster/index.html.erb within layouts/application (4.4ms)
Completed 500 Internal Server Error in 1071ms (ActiveRecord: 0.0ms)


  
ActionView::Template::Error (TypeError: Object doesn't support this property or method):
    1: <!DOCTYPE html>
    2: <html>
    3: <%= csrf_meta_tags %>
    4: <%= stylesheet_link_tag "application.css" %>
    5: 	<div class = "w3-container w3-yellow" id = "content-wrapper">
    6: 		<h1><a href="pizzacluster" target="pizzacluster">Pizza Cluster</h1>
    7: 		<div id = "login_wrapper">
  
app/views/layouts/application.html.erb:4:in `_app_views_layouts_application_html_erb___182036600_82256244'
Started GET "/" for 127.0.0.1 at 2017-07-14 00:07:11 -0700
Processing by PizzaclusterController#index as HTML
  Rendering pizzacluster/index.html.erb within layouts/application
  Rendered pizzacluster/index.html.erb within layouts/application (0.0ms)
Completed 500 Internal Server Error in 426ms (ActiveRecord: 0.0ms)


  
ActionView::Template::Error (TypeError: Object doesn't support this property or method):
    1: <!DOCTYPE html>
    2: <html>
    3: <%= csrf_meta_tags %>
    4: <%= javascript_include_tag 'application', 'data-turbolinks-track': 'reload' %>
    5: 
    6: 	<div class = "w3-container w3-yellow" id = "content-wrapper">
    7: 		<h1><a href="pizzacluster" target="pizzacluster">Pizza Cluster</h1>
  
app/views/layouts/application.html.erb:4:in `_app_views_layouts_application_html_erb___182036600_99661812'
Started GET "/" for 127.0.0.1 at 2017-07-14 00:09:43 -0700
Processing by PizzaclusterController#index as HTML
  Rendering pizzacluster/index.html.erb within layouts/application
  Rendered pizzacluster/index.html.erb within layouts/application (0.0ms)
Completed 200 OK in 241ms (Views: 219.6ms | ActiveRecord: 0.0ms)


Started GET "/pizzacluster" for 127.0.0.1 at 2017-07-14 00:10:00 -0700
Processing by PizzaclusterController#index as HTML
  Rendering pizzacluster/index.html.erb within layouts/application
  Rendered pizzacluster/index.html.erb within layouts/application (1.0ms)
Completed 200 OK in 97ms (Views: 71.3ms | ActiveRecord: 0.0ms)


Started GET "/logins" for 127.0.0.1 at 2017-07-14 00:10:04 -0700
Processing by LoginsController#index as HTML
  Rendering logins/index.html.erb within layouts/application
  [1m[36mLogin Load (0.0ms)[0m  [1m[34mSELECT "logins".* FROM "logins"[0m
  Rendered logins/index.html.erb within layouts/application (14.0ms)
Completed 200 OK in 111ms (Views: 81.3ms | ActiveRecord: 0.5ms)


Started GET "/logins/2" for 127.0.0.1 at 2017-07-14 00:10:07 -0700
Processing by LoginsController#show as HTML
  Parameters: {"id"=>"2"}
  [1m[36mLogin Load (1.0ms)[0m  [1m[34mSELECT  "logins".* FROM "logins" WHERE "logins"."id" = ? LIMIT ?[0m  [["id", 2], ["LIMIT", 1]]
  Rendering logins/show.html.erb within layouts/application
  Rendered logins/show.html.erb within layouts/application (0.5ms)
Completed 200 OK in 118ms (Views: 66.5ms | ActiveRecord: 1.0ms)


Started GET "/logins/2/edit" for 127.0.0.1 at 2017-07-14 00:10:12 -0700
Processing by LoginsController#edit as HTML
  Parameters: {"id"=>"2"}
  [1m[36mLogin Load (0.0ms)[0m  [1m[34mSELECT  "logins".* FROM "logins" WHERE "logins"."id" = ? LIMIT ?[0m  [["id", 2], ["LIMIT", 1]]
  Rendering logins/edit.html.erb within layouts/application
  Rendered logins/_form.html.erb (65.9ms) [cache miss]
  Rendered logins/edit.html.erb within layouts/application (81.9ms)
Completed 200 OK in 189ms (Views: 147.8ms | ActiveRecord: 0.0ms)


Started GET "/logins" for 127.0.0.1 at 2017-07-14 00:10:25 -0700
Processing by LoginsController#index as HTML
  Rendering logins/index.html.erb within layouts/application
  [1m[36mLogin Load (0.0ms)[0m  [1m[34mSELECT "logins".* FROM "logins"[0m
  Rendered logins/index.html.erb within layouts/application (3.5ms)
Completed 200 OK in 101ms (Views: 70.3ms | ActiveRecord: 0.0ms)


Started GET "/logins/1" for 127.0.0.1 at 2017-07-14 00:10:28 -0700
Processing by LoginsController#show as HTML
  Parameters: {"id"=>"1"}
  [1m[36mLogin Load (1.0ms)[0m  [1m[34mSELECT  "logins".* FROM "logins" WHERE "logins"."id" = ? LIMIT ?[0m  [["id", 1], ["LIMIT", 1]]
  Rendering logins/show.html.erb within layouts/application
  Rendered logins/show.html.erb within layouts/application (1.0ms)
Completed 200 OK in 99ms (Views: 70.7ms | ActiveRecord: 1.0ms)


Started GET "/logins/menu" for 127.0.0.1 at 2017-07-14 00:10:33 -0700
Processing by LoginsController#show as HTML
  Parameters: {"id"=>"menu"}
  [1m[36mLogin Load (0.0ms)[0m  [1m[34mSELECT  "logins".* FROM "logins" WHERE "logins"."id" = ? LIMIT ?[0m  [["id", 0], ["LIMIT", 1]]
Completed 404 Not Found in 3ms (ActiveRecord: 0.0ms)


  
ActiveRecord::RecordNotFound (Couldn't find Login with 'id'=menu):
  
app/controllers/logins_controller.rb:67:in `set_login'
Started GET "/logins/pizzacluster" for 127.0.0.1 at 2017-07-14 00:10:42 -0700
Processing by LoginsController#show as HTML
  Parameters: {"id"=>"pizzacluster"}
  [1m[36mLogin Load (0.0ms)[0m  [1m[34mSELECT  "logins".* FROM "logins" WHERE "logins"."id" = ? LIMIT ?[0m  [["id", 0], ["LIMIT", 1]]
Completed 404 Not Found in 3ms (ActiveRecord: 0.0ms)


  
ActiveRecord::RecordNotFound (Couldn't find Login with 'id'=pizzacluster):
  
app/controllers/logins_controller.rb:67:in `set_login'
Started GET "/logins/pizzacluster" for 127.0.0.1 at 2017-07-14 00:11:14 -0700
Processing by LoginsController#show as HTML
  Parameters: {"id"=>"pizzacluster"}
  [1m[36mLogin Load (0.0ms)[0m  [1m[34mSELECT  "logins".* FROM "logins" WHERE "logins"."id" = ? LIMIT ?[0m  [["id", 0], ["LIMIT", 1]]
Completed 404 Not Found in 2ms (ActiveRecord: 0.0ms)


  
ActiveRecord::RecordNotFound (Couldn't find Login with 'id'=pizzacluster):
  
app/controllers/logins_controller.rb:67:in `set_login'
Started GET "/logins/pizzacluster" for 127.0.0.1 at 2017-07-14 00:11:22 -0700
Processing by LoginsController#show as HTML
  Parameters: {"id"=>"pizzacluster"}
  [1m[36mLogin Load (0.0ms)[0m  [1m[34mSELECT  "logins".* FROM "logins" WHERE "logins"."id" = ? LIMIT ?[0m  [["id", 0], ["LIMIT", 1]]
Completed 404 Not Found in 4ms (ActiveRecord: 0.0ms)


  
ActiveRecord::RecordNotFound (Couldn't find Login with 'id'=pizzacluster):
  
app/controllers/logins_controller.rb:67:in `set_login'
Started GET "/" for 127.0.0.1 at 2017-07-14 00:11:29 -0700
Processing by PizzaclusterController#index as HTML
  Rendering pizzacluster/index.html.erb within layouts/application
  Rendered pizzacluster/index.html.erb within layouts/application (0.0ms)
Completed 200 OK in 87ms (Views: 70.5ms | ActiveRecord: 0.0ms)


Started GET "/menu" for 127.0.0.1 at 2017-07-14 00:11:32 -0700
Processing by MenuController#show as HTML
  Rendering menu/show.html.erb within layouts/application
  Rendered menu/show.html.erb within layouts/application (0.5ms)
Completed 200 OK in 99ms (Views: 71.2ms | ActiveRecord: 0.0ms)


Started GET "/menu" for 127.0.0.1 at 2017-07-14 00:11:40 -0700
Processing by MenuController#show as HTML
  Rendering menu/show.html.erb within layouts/application
  Rendered menu/show.html.erb within layouts/application (0.5ms)
Completed 200 OK in 108ms (Views: 77.9ms | ActiveRecord: 0.0ms)


Started GET "/menu" for 127.0.0.1 at 2017-07-14 00:12:04 -0700
Processing by MenuController#show as HTML
  Rendering menu/show.html.erb within layouts/application
  Rendered menu/show.html.erb within layouts/application (0.0ms)
Completed 200 OK in 97ms (Views: 65.8ms | ActiveRecord: 0.0ms)


Started GET "/pizzacluster" for 127.0.0.1 at 2017-07-14 00:12:07 -0700
Processing by PizzaclusterController#index as HTML
  Rendering pizzacluster/index.html.erb within layouts/application
  Rendered pizzacluster/index.html.erb within layouts/application (0.0ms)
Completed 200 OK in 94ms (Views: 72.9ms | ActiveRecord: 0.0ms)


Started GET "/" for 127.0.0.1 at 2017-07-14 00:19:36 -0700
Processing by PizzaclusterController#index as HTML
  Rendering pizzacluster/index.html.erb within layouts/application
  Rendered pizzacluster/index.html.erb within layouts/application (0.5ms)
Completed 200 OK in 110ms (Views: 84.1ms | ActiveRecord: 0.0ms)


Started GET "/menu" for 127.0.0.1 at 2017-07-14 00:19:39 -0700
Processing by MenuController#show as HTML
  Rendering menu/show.html.erb within layouts/application
  Rendered menu/show.html.erb within layouts/application (0.5ms)
Completed 200 OK in 100ms (Views: 72.9ms | ActiveRecord: 0.0ms)


Started GET "/searchicon.png" for 127.0.0.1 at 2017-07-14 00:19:39 -0700
  
ActionController::RoutingError (No route matches [GET] "/searchicon.png"):
  
actionpack (5.1.1) lib/action_dispatch/middleware/debug_exceptions.rb:63:in `call'
web-console (3.5.1) lib/web_console/middleware.rb:135:in `call_app'
web-console (3.5.1) lib/web_console/middleware.rb:28:in `block in call'
web-console (3.5.1) lib/web_console/middleware.rb:18:in `catch'
web-console (3.5.1) lib/web_console/middleware.rb:18:in `call'
actionpack (5.1.1) lib/action_dispatch/middleware/show_exceptions.rb:31:in `call'
railties (5.1.1) lib/rails/rack/logger.rb:36:in `call_app'
railties (5.1.1) lib/rails/rack/logger.rb:24:in `block in call'
activesupport (5.1.1) lib/active_support/tagged_logging.rb:69:in `block in tagged'
activesupport (5.1.1) lib/active_support/tagged_logging.rb:26:in `tagged'
activesupport (5.1.1) lib/active_support/tagged_logging.rb:69:in `tagged'
railties (5.1.1) lib/rails/rack/logger.rb:24:in `call'
sprockets-rails (3.2.0) lib/sprockets/rails/quiet_assets.rb:13:in `call'
actionpack (5.1.1) lib/action_dispatch/middleware/remote_ip.rb:79:in `call'
actionpack (5.1.1) lib/action_dispatch/middleware/request_id.rb:25:in `call'
rack (2.0.3) lib/rack/method_override.rb:22:in `call'
rack (2.0.3) lib/rack/runtime.rb:22:in `call'
activesupport (5.1.1) lib/active_support/cache/strategy/local_cache_middleware.rb:27:in `call'
actionpack (5.1.1) lib/action_dispatch/middleware/executor.rb:12:in `call'
actionpack (5.1.1) lib/action_dispatch/middleware/static.rb:125:in `call'
rack (2.0.3) lib/rack/sendfile.rb:111:in `call'
railties (5.1.1) lib/rails/engine.rb:522:in `call'
puma (3.9.1) lib/puma/configuration.rb:224:in `call'
puma (3.9.1) lib/puma/server.rb:602:in `handle_request'
puma (3.9.1) lib/puma/server.rb:435:in `process_client'
puma (3.9.1) lib/puma/server.rb:299:in `block in run'
puma (3.9.1) lib/puma/thread_pool.rb:120:in `block in spawn_thread'
Started GET "/menu" for 127.0.0.1 at 2017-07-14 00:20:40 -0700
Processing by MenuController#show as HTML
  Rendering menu/show.html.erb within layouts/application
  Rendered menu/show.html.erb within layouts/application (0.5ms)
Completed 200 OK in 92ms (Views: 72.1ms | ActiveRecord: 0.0ms)


Started GET "/searchicon.png" for 127.0.0.1 at 2017-07-14 00:20:40 -0700
  
ActionController::RoutingError (No route matches [GET] "/searchicon.png"):
  
actionpack (5.1.1) lib/action_dispatch/middleware/debug_exceptions.rb:63:in `call'
web-console (3.5.1) lib/web_console/middleware.rb:135:in `call_app'
web-console (3.5.1) lib/web_console/middleware.rb:28:in `block in call'
web-console (3.5.1) lib/web_console/middleware.rb:18:in `catch'
web-console (3.5.1) lib/web_console/middleware.rb:18:in `call'
actionpack (5.1.1) lib/action_dispatch/middleware/show_exceptions.rb:31:in `call'
railties (5.1.1) lib/rails/rack/logger.rb:36:in `call_app'
railties (5.1.1) lib/rails/rack/logger.rb:24:in `block in call'
activesupport (5.1.1) lib/active_support/tagged_logging.rb:69:in `block in tagged'
activesupport (5.1.1) lib/active_support/tagged_logging.rb:26:in `tagged'
activesupport (5.1.1) lib/active_support/tagged_logging.rb:69:in `tagged'
railties (5.1.1) lib/rails/rack/logger.rb:24:in `call'
sprockets-rails (3.2.0) lib/sprockets/rails/quiet_assets.rb:13:in `call'
actionpack (5.1.1) lib/action_dispatch/middleware/remote_ip.rb:79:in `call'
actionpack (5.1.1) lib/action_dispatch/middleware/request_id.rb:25:in `call'
rack (2.0.3) lib/rack/method_override.rb:22:in `call'
rack (2.0.3) lib/rack/runtime.rb:22:in `call'
activesupport (5.1.1) lib/active_support/cache/strategy/local_cache_middleware.rb:27:in `call'
actionpack (5.1.1) lib/action_dispatch/middleware/executor.rb:12:in `call'
actionpack (5.1.1) lib/action_dispatch/middleware/static.rb:125:in `call'
rack (2.0.3) lib/rack/sendfile.rb:111:in `call'
railties (5.1.1) lib/rails/engine.rb:522:in `call'
puma (3.9.1) lib/puma/configuration.rb:224:in `call'
puma (3.9.1) lib/puma/server.rb:602:in `handle_request'
puma (3.9.1) lib/puma/server.rb:435:in `process_client'
puma (3.9.1) lib/puma/server.rb:299:in `block in run'
puma (3.9.1) lib/puma/thread_pool.rb:120:in `block in spawn_thread'
Started GET "/menu" for 127.0.0.1 at 2017-07-14 00:20:43 -0700
Processing by MenuController#show as HTML
Started GET "/menu" for 127.0.0.1 at 2017-07-14 00:20:44 -0700
Processing by MenuController#show as HTML
  Rendering menu/show.html.erb within layouts/application
  Rendered menu/show.html.erb within layouts/application (0.5ms)
  Rendering menu/show.html.erb within layouts/application
  Rendered menu/show.html.erb within layouts/application (1.0ms)
Completed 200 OK in 181ms (Views: 164.6ms | ActiveRecord: 0.0ms)


Completed 200 OK in 123ms (Views: 108.6ms | ActiveRecord: 0.0ms)


Started GET "/searchicon.png" for 127.0.0.1 at 2017-07-14 00:20:44 -0700
  
ActionController::RoutingError (No route matches [GET] "/searchicon.png"):
  
actionpack (5.1.1) lib/action_dispatch/middleware/debug_exceptions.rb:63:in `call'
web-console (3.5.1) lib/web_console/middleware.rb:135:in `call_app'
web-console (3.5.1) lib/web_console/middleware.rb:28:in `block in call'
web-console (3.5.1) lib/web_console/middleware.rb:18:in `catch'
web-console (3.5.1) lib/web_console/middleware.rb:18:in `call'
actionpack (5.1.1) lib/action_dispatch/middleware/show_exceptions.rb:31:in `call'
railties (5.1.1) lib/rails/rack/logger.rb:36:in `call_app'
railties (5.1.1) lib/rails/rack/logger.rb:24:in `block in call'
activesupport (5.1.1) lib/active_support/tagged_logging.rb:69:in `block in tagged'
activesupport (5.1.1) lib/active_support/tagged_logging.rb:26:in `tagged'
activesupport (5.1.1) lib/active_support/tagged_logging.rb:69:in `tagged'
railties (5.1.1) lib/rails/rack/logger.rb:24:in `call'
sprockets-rails (3.2.0) lib/sprockets/rails/quiet_assets.rb:13:in `call'
actionpack (5.1.1) lib/action_dispatch/middleware/remote_ip.rb:79:in `call'
actionpack (5.1.1) lib/action_dispatch/middleware/request_id.rb:25:in `call'
rack (2.0.3) lib/rack/method_override.rb:22:in `call'
rack (2.0.3) lib/rack/runtime.rb:22:in `call'
activesupport (5.1.1) lib/active_support/cache/strategy/local_cache_middleware.rb:27:in `call'
actionpack (5.1.1) lib/action_dispatch/middleware/executor.rb:12:in `call'
actionpack (5.1.1) lib/action_dispatch/middleware/static.rb:125:in `call'
rack (2.0.3) lib/rack/sendfile.rb:111:in `call'
railties (5.1.1) lib/rails/engine.rb:522:in `call'
puma (3.9.1) lib/puma/configuration.rb:224:in `call'
puma (3.9.1) lib/puma/server.rb:602:in `handle_request'
puma (3.9.1) lib/puma/server.rb:435:in `process_client'
puma (3.9.1) lib/puma/server.rb:299:in `block in run'
puma (3.9.1) lib/puma/thread_pool.rb:120:in `block in spawn_thread'
Started GET "/pizzacluster" for 127.0.0.1 at 2017-07-14 00:20:46 -0700
Processing by PizzaclusterController#index as HTML
  Rendering pizzacluster/index.html.erb within layouts/application
  Rendered pizzacluster/index.html.erb within layouts/application (0.5ms)
Completed 200 OK in 1413ms (Views: 1165.9ms | ActiveRecord: 0.0ms)


Started GET "/menu" for 127.0.0.1 at 2017-07-14 00:20:50 -0700
Processing by MenuController#show as HTML
  Rendering menu/show.html.erb within layouts/application
  Rendered menu/show.html.erb within layouts/application (0.5ms)
Completed 200 OK in 104ms (Views: 78.3ms | ActiveRecord: 0.0ms)


Started GET "/searchicon.png" for 127.0.0.1 at 2017-07-14 00:20:50 -0700
  
ActionController::RoutingError (No route matches [GET] "/searchicon.png"):
  
actionpack (5.1.1) lib/action_dispatch/middleware/debug_exceptions.rb:63:in `call'
web-console (3.5.1) lib/web_console/middleware.rb:135:in `call_app'
web-console (3.5.1) lib/web_console/middleware.rb:28:in `block in call'
web-console (3.5.1) lib/web_console/middleware.rb:18:in `catch'
web-console (3.5.1) lib/web_console/middleware.rb:18:in `call'
actionpack (5.1.1) lib/action_dispatch/middleware/show_exceptions.rb:31:in `call'
railties (5.1.1) lib/rails/rack/logger.rb:36:in `call_app'
railties (5.1.1) lib/rails/rack/logger.rb:24:in `block in call'
activesupport (5.1.1) lib/active_support/tagged_logging.rb:69:in `block in tagged'
activesupport (5.1.1) lib/active_support/tagged_logging.rb:26:in `tagged'
activesupport (5.1.1) lib/active_support/tagged_logging.rb:69:in `tagged'
railties (5.1.1) lib/rails/rack/logger.rb:24:in `call'
sprockets-rails (3.2.0) lib/sprockets/rails/quiet_assets.rb:13:in `call'
actionpack (5.1.1) lib/action_dispatch/middleware/remote_ip.rb:79:in `call'
actionpack (5.1.1) lib/action_dispatch/middleware/request_id.rb:25:in `call'
rack (2.0.3) lib/rack/method_override.rb:22:in `call'
rack (2.0.3) lib/rack/runtime.rb:22:in `call'
activesupport (5.1.1) lib/active_support/cache/strategy/local_cache_middleware.rb:27:in `call'
actionpack (5.1.1) lib/action_dispatch/middleware/executor.rb:12:in `call'
actionpack (5.1.1) lib/action_dispatch/middleware/static.rb:125:in `call'
rack (2.0.3) lib/rack/sendfile.rb:111:in `call'
railties (5.1.1) lib/rails/engine.rb:522:in `call'
puma (3.9.1) lib/puma/configuration.rb:224:in `call'
puma (3.9.1) lib/puma/server.rb:602:in `handle_request'
puma (3.9.1) lib/puma/server.rb:435:in `process_client'
puma (3.9.1) lib/puma/server.rb:299:in `block in run'
puma (3.9.1) lib/puma/thread_pool.rb:120:in `block in spawn_thread'
Started GET "/menu" for 127.0.0.1 at 2017-07-14 00:21:06 -0700
Processing by MenuController#show as HTML
  Rendering menu/show.html.erb within layouts/application
  Rendered menu/show.html.erb within layouts/application (0.5ms)
Completed 200 OK in 96ms (Views: 79.1ms | ActiveRecord: 0.0ms)


Started GET "/" for 127.0.0.1 at 2017-07-14 11:15:42 -0700
  [1m[35m (0.0ms)[0m  [1m[34mSELECT "schema_migrations"."version" FROM "schema_migrations" ORDER BY "schema_migrations"."version" ASC[0m
Processing by PizzaclusterController#index as HTML
  Rendering pizzacluster/index.html.erb within layouts/application
  Rendered pizzacluster/index.html.erb within layouts/application (7.0ms)
Completed 200 OK in 565ms (Views: 536.7ms | ActiveRecord: 0.0ms)


Started GET "/menu" for 127.0.0.1 at 2017-07-14 11:15:57 -0700
Processing by MenuController#show as HTML
  Rendering menu/show.html.erb within layouts/application
  Rendered menu/show.html.erb within layouts/application (0.5ms)
Completed 200 OK in 125ms (Views: 89.5ms | ActiveRecord: 0.0ms)


Started GET "/searchicon.png" for 127.0.0.1 at 2017-07-14 11:15:57 -0700
  
ActionController::RoutingError (No route matches [GET] "/searchicon.png"):
  
actionpack (5.1.1) lib/action_dispatch/middleware/debug_exceptions.rb:63:in `call'
web-console (3.5.1) lib/web_console/middleware.rb:135:in `call_app'
web-console (3.5.1) lib/web_console/middleware.rb:28:in `block in call'
web-console (3.5.1) lib/web_console/middleware.rb:18:in `catch'
web-console (3.5.1) lib/web_console/middleware.rb:18:in `call'
actionpack (5.1.1) lib/action_dispatch/middleware/show_exceptions.rb:31:in `call'
railties (5.1.1) lib/rails/rack/logger.rb:36:in `call_app'
railties (5.1.1) lib/rails/rack/logger.rb:24:in `block in call'
activesupport (5.1.1) lib/active_support/tagged_logging.rb:69:in `block in tagged'
activesupport (5.1.1) lib/active_support/tagged_logging.rb:26:in `tagged'
activesupport (5.1.1) lib/active_support/tagged_logging.rb:69:in `tagged'
railties (5.1.1) lib/rails/rack/logger.rb:24:in `call'
sprockets-rails (3.2.0) lib/sprockets/rails/quiet_assets.rb:13:in `call'
actionpack (5.1.1) lib/action_dispatch/middleware/remote_ip.rb:79:in `call'
actionpack (5.1.1) lib/action_dispatch/middleware/request_id.rb:25:in `call'
rack (2.0.3) lib/rack/method_override.rb:22:in `call'
rack (2.0.3) lib/rack/runtime.rb:22:in `call'
activesupport (5.1.1) lib/active_support/cache/strategy/local_cache_middleware.rb:27:in `call'
actionpack (5.1.1) lib/action_dispatch/middleware/executor.rb:12:in `call'
actionpack (5.1.1) lib/action_dispatch/middleware/static.rb:125:in `call'
rack (2.0.3) lib/rack/sendfile.rb:111:in `call'
railties (5.1.1) lib/rails/engine.rb:522:in `call'
puma (3.9.1) lib/puma/configuration.rb:224:in `call'
puma (3.9.1) lib/puma/server.rb:602:in `handle_request'
puma (3.9.1) lib/puma/server.rb:435:in `process_client'
puma (3.9.1) lib/puma/server.rb:299:in `block in run'
puma (3.9.1) lib/puma/thread_pool.rb:120:in `block in spawn_thread'
Started GET "/pizzacluster" for 127.0.0.1 at 2017-07-14 11:16:01 -0700
Processing by PizzaclusterController#index as HTML
  Rendering pizzacluster/index.html.erb within layouts/application
  Rendered pizzacluster/index.html.erb within layouts/application (0.0ms)
Completed 200 OK in 111ms (Views: 75.1ms | ActiveRecord: 0.0ms)


Started GET "/pizzacluster" for 127.0.0.1 at 2017-07-14 11:16:02 -0700
Processing by PizzaclusterController#index as HTML
  Rendering pizzacluster/index.html.erb within layouts/application
  Rendered pizzacluster/index.html.erb within layouts/application (0.0ms)
Completed 200 OK in 94ms (Views: 77.4ms | ActiveRecord: 0.0ms)


Started GET "/pizzacluster" for 127.0.0.1 at 2017-07-14 11:16:03 -0700
Processing by PizzaclusterController#index as HTML
  Rendering pizzacluster/index.html.erb within layouts/application
  Rendered pizzacluster/index.html.erb within layouts/application (1.0ms)
Completed 200 OK in 88ms (Views: 71.1ms | ActiveRecord: 0.0ms)


Started GET "/pizzacluster" for 127.0.0.1 at 2017-07-14 11:16:04 -0700
Processing by PizzaclusterController#index as HTML
  Rendering pizzacluster/index.html.erb within layouts/application
  Rendered pizzacluster/index.html.erb within layouts/application (1.0ms)
Completed 200 OK in 99ms (Views: 76.2ms | ActiveRecord: 0.0ms)


Started GET "/menu" for 127.0.0.1 at 2017-07-14 11:16:06 -0700
Processing by MenuController#show as HTML
  Rendering menu/show.html.erb within layouts/application
  Rendered menu/show.html.erb within layouts/application (1.0ms)
Completed 200 OK in 97ms (Views: 79.6ms | ActiveRecord: 0.0ms)


Started GET "/searchicon.png" for 127.0.0.1 at 2017-07-14 11:16:07 -0700
  
ActionController::RoutingError (No route matches [GET] "/searchicon.png"):
  
actionpack (5.1.1) lib/action_dispatch/middleware/debug_exceptions.rb:63:in `call'
web-console (3.5.1) lib/web_console/middleware.rb:135:in `call_app'
web-console (3.5.1) lib/web_console/middleware.rb:28:in `block in call'
web-console (3.5.1) lib/web_console/middleware.rb:18:in `catch'
web-console (3.5.1) lib/web_console/middleware.rb:18:in `call'
actionpack (5.1.1) lib/action_dispatch/middleware/show_exceptions.rb:31:in `call'
railties (5.1.1) lib/rails/rack/logger.rb:36:in `call_app'
railties (5.1.1) lib/rails/rack/logger.rb:24:in `block in call'
activesupport (5.1.1) lib/active_support/tagged_logging.rb:69:in `block in tagged'
activesupport (5.1.1) lib/active_support/tagged_logging.rb:26:in `tagged'
activesupport (5.1.1) lib/active_support/tagged_logging.rb:69:in `tagged'
railties (5.1.1) lib/rails/rack/logger.rb:24:in `call'
sprockets-rails (3.2.0) lib/sprockets/rails/quiet_assets.rb:13:in `call'
actionpack (5.1.1) lib/action_dispatch/middleware/remote_ip.rb:79:in `call'
actionpack (5.1.1) lib/action_dispatch/middleware/request_id.rb:25:in `call'
rack (2.0.3) lib/rack/method_override.rb:22:in `call'
rack (2.0.3) lib/rack/runtime.rb:22:in `call'
activesupport (5.1.1) lib/active_support/cache/strategy/local_cache_middleware.rb:27:in `call'
actionpack (5.1.1) lib/action_dispatch/middleware/executor.rb:12:in `call'
actionpack (5.1.1) lib/action_dispatch/middleware/static.rb:125:in `call'
rack (2.0.3) lib/rack/sendfile.rb:111:in `call'
railties (5.1.1) lib/rails/engine.rb:522:in `call'
puma (3.9.1) lib/puma/configuration.rb:224:in `call'
puma (3.9.1) lib/puma/server.rb:602:in `handle_request'
puma (3.9.1) lib/puma/server.rb:435:in `process_client'
puma (3.9.1) lib/puma/server.rb:299:in `block in run'
puma (3.9.1) lib/puma/thread_pool.rb:120:in `block in spawn_thread'
Started GET "/logins" for 127.0.0.1 at 2017-07-14 11:16:10 -0700
Processing by LoginsController#index as HTML
  Rendering logins/index.html.erb within layouts/application
  [1m[36mLogin Load (1.0ms)[0m  [1m[34mSELECT "logins".* FROM "logins"[0m
  Rendered logins/index.html.erb within layouts/application (16.1ms)
Completed 200 OK in 123ms (Views: 84.5ms | ActiveRecord: 1.0ms)


Started GET "/logins/new" for 127.0.0.1 at 2017-07-14 11:16:15 -0700
Processing by LoginsController#new as HTML
  Rendering logins/new.html.erb within layouts/application
  Rendered logins/_form.html.erb (43.0ms) [cache miss]
  Rendered logins/new.html.erb within layouts/application (72.2ms)
Completed 200 OK in 187ms (Views: 158.4ms | ActiveRecord: 0.0ms)


Started GET "/logins" for 127.0.0.1 at 2017-07-14 11:16:18 -0700
Processing by LoginsController#index as HTML
  Rendering logins/index.html.erb within layouts/application
  [1m[36mLogin Load (0.5ms)[0m  [1m[34mSELECT "logins".* FROM "logins"[0m
  Rendered logins/index.html.erb within layouts/application (5.6ms)
Completed 200 OK in 93ms (Views: 75.0ms | ActiveRecord: 0.5ms)


Started GET "/logins/1" for 127.0.0.1 at 2017-07-14 11:16:20 -0700
Processing by LoginsController#show as HTML
  Parameters: {"id"=>"1"}
  [1m[36mLogin Load (0.0ms)[0m  [1m[34mSELECT  "logins".* FROM "logins" WHERE "logins"."id" = ? LIMIT ?[0m  [["id", 1], ["LIMIT", 1]]
  Rendering logins/show.html.erb within layouts/application
  Rendered logins/show.html.erb within layouts/application (1.0ms)
Completed 200 OK in 114ms (Views: 72.2ms | ActiveRecord: 0.0ms)


Started GET "/logins/1/edit" for 127.0.0.1 at 2017-07-14 11:16:24 -0700
Processing by LoginsController#edit as HTML
  Parameters: {"id"=>"1"}
  [1m[36mLogin Load (0.0ms)[0m  [1m[34mSELECT  "logins".* FROM "logins" WHERE "logins"."id" = ? LIMIT ?[0m  [["id", 1], ["LIMIT", 1]]
  Rendering logins/edit.html.erb within layouts/application
  Rendered logins/_form.html.erb (2.0ms) [cache miss]
  Rendered logins/edit.html.erb within layouts/application (18.0ms)
Completed 200 OK in 132ms (Views: 100.0ms | ActiveRecord: 0.0ms)


Started PATCH "/logins/1" for 127.0.0.1 at 2017-07-14 11:16:31 -0700
Processing by LoginsController#update as HTML
  Parameters: {"utf8"=>"✓", "authenticity_token"=>"UQ6SOxBmjYldY6cR25Ls6LAlwwFYE34TfqjDri9A17lsdmKlCIhns7ij8AMYJMjmvk73w+WMmWSzD0lobav2tA==", "login"=>{"Email"=>"", "Password"=>"[FILTERED]"}, "commit"=>"Update Login", "id"=>"1"}
  [1m[36mLogin Load (0.0ms)[0m  [1m[34mSELECT  "logins".* FROM "logins" WHERE "logins"."id" = ? LIMIT ?[0m  [["id", 1], ["LIMIT", 1]]
  [1m[35m (0.0ms)[0m  [1m[36mbegin transaction[0m
  [1m[35mSQL (0.8ms)[0m  [1m[33mUPDATE "logins" SET "Email" = ?, "updated_at" = ? WHERE "logins"."id" = ?[0m  [["Email", ""], ["updated_at", "2017-07-14 18:16:31.813160"], ["id", 1]]
  [1m[35m (7.3ms)[0m  [1m[36mcommit transaction[0m
Redirected to http://localhost:3000/logins/1
Completed 302 Found in 21ms (ActiveRecord: 8.1ms)


Started GET "/logins/1" for 127.0.0.1 at 2017-07-14 11:16:31 -0700
Processing by LoginsController#show as HTML
  Parameters: {"id"=>"1"}
  [1m[36mLogin Load (0.0ms)[0m  [1m[34mSELECT  "logins".* FROM "logins" WHERE "logins"."id" = ? LIMIT ?[0m  [["id", 1], ["LIMIT", 1]]
  Rendering logins/show.html.erb within layouts/application
  Rendered logins/show.html.erb within layouts/application (1.0ms)
Completed 200 OK in 89ms (Views: 71.1ms | ActiveRecord: 0.0ms)


Started GET "/logins" for 127.0.0.1 at 2017-07-14 11:16:34 -0700
Processing by LoginsController#index as HTML
  Rendering logins/index.html.erb within layouts/application
  [1m[36mLogin Load (0.0ms)[0m  [1m[34mSELECT "logins".* FROM "logins"[0m
  Rendered logins/index.html.erb within layouts/application (4.0ms)
Completed 200 OK in 94ms (Views: 74.4ms | ActiveRecord: 0.0ms)


Started GET "/logins/1" for 127.0.0.1 at 2017-07-14 11:16:37 -0700
Processing by LoginsController#show as HTML
  Parameters: {"id"=>"1"}
  [1m[36mLogin Load (1.0ms)[0m  [1m[34mSELECT  "logins".* FROM "logins" WHERE "logins"."id" = ? LIMIT ?[0m  [["id", 1], ["LIMIT", 1]]
  Rendering logins/show.html.erb within layouts/application
  Rendered logins/show.html.erb within layouts/application (1.0ms)
Completed 200 OK in 91ms (Views: 71.4ms | ActiveRecord: 1.0ms)


Started GET "/logins/1/edit" for 127.0.0.1 at 2017-07-14 11:16:39 -0700
Processing by LoginsController#edit as HTML
  Parameters: {"id"=>"1"}
  [1m[36mLogin Load (0.4ms)[0m  [1m[34mSELECT  "logins".* FROM "logins" WHERE "logins"."id" = ? LIMIT ?[0m  [["id", 1], ["LIMIT", 1]]
  Rendering logins/edit.html.erb within layouts/application
  Rendered logins/_form.html.erb (3.0ms) [cache miss]
  Rendered logins/edit.html.erb within layouts/application (17.0ms)
Completed 200 OK in 110ms (Views: 89.6ms | ActiveRecord: 0.4ms)


Started GET "/logins/1" for 127.0.0.1 at 2017-07-14 11:16:41 -0700
Processing by LoginsController#show as HTML
  Parameters: {"id"=>"1"}
  [1m[36mLogin Load (0.0ms)[0m  [1m[34mSELECT  "logins".* FROM "logins" WHERE "logins"."id" = ? LIMIT ?[0m  [["id", 1], ["LIMIT", 1]]
  Rendering logins/show.html.erb within layouts/application
  Rendered logins/show.html.erb within layouts/application (1.0ms)
Completed 200 OK in 99ms (Views: 76.4ms | ActiveRecord: 0.0ms)


Started GET "/logins" for 127.0.0.1 at 2017-07-14 11:16:43 -0700
Processing by LoginsController#index as HTML
  Rendering logins/index.html.erb within layouts/application
  [1m[36mLogin Load (0.0ms)[0m  [1m[34mSELECT "logins".* FROM "logins"[0m
  Rendered logins/index.html.erb within layouts/application (2.0ms)
Completed 200 OK in 89ms (Views: 72.0ms | ActiveRecord: 0.0ms)


Started GET "/logins/2" for 127.0.0.1 at 2017-07-14 11:16:45 -0700
Processing by LoginsController#show as HTML
  Parameters: {"id"=>"2"}
  [1m[36mLogin Load (1.0ms)[0m  [1m[34mSELECT  "logins".* FROM "logins" WHERE "logins"."id" = ? LIMIT ?[0m  [["id", 2], ["LIMIT", 1]]
  Rendering logins/show.html.erb within layouts/application
  Rendered logins/show.html.erb within layouts/application (1.0ms)
Completed 200 OK in 90ms (Views: 70.6ms | ActiveRecord: 1.0ms)


